Build started 10.06.2014 15:59:27.
     1>Project "I:\Documents\S3VR\S3ObjectDetector_cpp\ConsoleApplication1\ConsoleApplication1.vcxproj" on node 2 (Build target(s)).
     1>ClCompile:
         K:\Programme (x86)\Microsoft Visual Studio 11.0\VC\bin\CL.exe /c /I"G:\Program Files\opencv\build\include\opencv" /I"G:\Program Files\opencv\build\include" /Zi /nologo /W3 /WX- /sdl /O2 /Oi /Oy- /GL /D WIN32 /D NDEBUG /D _CONSOLE /D _CRT_SECURE_NO_WARNINGS /D _UNICODE /D UNICODE /Gm- /EHsc /MD /GS /Gy /fp:precise /Zc:wchar_t /Zc:forScope /Yu"stdafx.h" /Fp"Release\S3ObjectDetector.pch" /Fo"Release\\" /Fd"Release\vc110.pdb" /Gd /TP /analyze- /errorReport:prompt S3ObjectDetector.cpp
         S3ObjectDetector.cpp
     1>S3ObjectDetector.cpp(106): warning C4018: '<' : signed/unsigned mismatch
     1>S3ObjectDetector.cpp(118): warning C4244: 'argument' : conversion from 'int' to 'float', possible loss of data
     1>S3ObjectDetector.cpp(119): warning C4244: 'argument' : conversion from 'int' to 'float', possible loss of data
     1>S3ObjectDetector.cpp(120): warning C4244: 'argument' : conversion from 'int' to 'float', possible loss of data
     1>S3ObjectDetector.cpp(121): warning C4244: 'argument' : conversion from 'int' to 'float', possible loss of data
       Link:
         K:\Programme (x86)\Microsoft Visual Studio 11.0\VC\bin\link.exe /ERRORREPORT:PROMPT /OUT:"I:\Documents\S3VR\S3ObjectDetector_cpp\Release\S3ObjectDetector.exe" /INCREMENTAL:NO /NOLOGO /LIBPATH:"G:\Program Files\opencv\build\x86\vc12\lib" opencv_core249.lib opencv_imgproc249.lib opencv_highgui249.lib opencv_ml249.lib opencv_video249.lib opencv_features2d249.lib opencv_calib3d249.lib opencv_objdetect249.lib opencv_contrib249.lib opencv_legacy249.lib opencv_flann249.lib opencv_nonfree249.lib kernel32.lib user32.lib gdi32.lib winspool.lib comdlg32.lib advapi32.lib shell32.lib ole32.lib oleaut32.lib uuid.lib odbc32.lib odbccp32.lib /MANIFEST /MANIFESTUAC:"level='asInvoker' uiAccess='false'" /manifest:embed /DEBUG /PDB:"I:\Documents\S3VR\S3ObjectDetector_cpp\Release\S3ObjectDetector.pdb" /SUBSYSTEM:CONSOLE /OPT:REF /OPT:ICF /LTCG /TLBID:1 /DYNAMICBASE /NXCOMPAT /IMPLIB:"I:\Documents\S3VR\S3ObjectDetector_cpp\Release\S3ObjectDetector.lib" /MACHINE:X86 /SAFESEH Release\S3ObjectDetector.res
         Release\S3ObjectDetector.obj
         Release\stdafx.obj
         Generating code
         Finished generating code
         ConsoleApplication1.vcxproj -> I:\Documents\S3VR\S3ObjectDetector_cpp\Release\S3ObjectDetector.exe
     1>Done Building Project "I:\Documents\S3VR\S3ObjectDetector_cpp\ConsoleApplication1\ConsoleApplication1.vcxproj" (Build target(s)).

Build succeeded.

Time Elapsed 00:00:02.05
