C:\USERS\GREEN\DOCUMENTS\VISUAL STUDIO 2012\PROJECTS\CONSOLEAPPLICATION1\CONSOLEAPPLICATION1\RELEASE\CONSOLEAPPLICATION1.PCH
C:\USERS\GREEN\DOCUMENTS\VISUAL STUDIO 2012\PROJECTS\CONSOLEAPPLICATION1\CONSOLEAPPLICATION1\RELEASE\STDAFX.OBJ
C:\USERS\GREEN\DOCUMENTS\VISUAL STUDIO 2012\PROJECTS\CONSOLEAPPLICATION1\CONSOLEAPPLICATION1\RELEASE\VC110.PDB
C:\USERS\GREEN\DOCUMENTS\VISUAL STUDIO 2012\PROJECTS\CONSOLEAPPLICATION1\CONSOLEAPPLICATION1\RELEASE\CONSOLEAPPLICATION1.OBJ
C:\USERS\GREEN\DOCUMENTS\VISUAL STUDIO 2012\PROJECTS\CONSOLEAPPLICATION1\RELEASE\CONSOLEAPPLICATION1.EXE
C:\USERS\GREEN\DOCUMENTS\VISUAL STUDIO 2012\PROJECTS\CONSOLEAPPLICATION1\RELEASE\CONSOLEAPPLICATION1.PDB
C:\USERS\GREEN\DOCUMENTS\VISUAL STUDIO 2012\PROJECTS\CONSOLEAPPLICATION1\CONSOLEAPPLICATION1\RELEASE\CONSOLEAPPLICATION1.RES
C:\Users\green\Documents\Visual Studio 2012\Projects\ConsoleApplication1\ConsoleApplication1\Release\ConsoleApplication1.obj
C:\Users\green\Documents\Visual Studio 2012\Projects\ConsoleApplication1\ConsoleApplication1\Release\stdafx.obj
C:\Users\green\Documents\Visual Studio 2012\Projects\ConsoleApplication1\ConsoleApplication1\Release\cl.command.1.tlog
C:\Users\green\Documents\Visual Studio 2012\Projects\ConsoleApplication1\ConsoleApplication1\Release\CL.read.1.tlog
C:\Users\green\Documents\Visual Studio 2012\Projects\ConsoleApplication1\ConsoleApplication1\Release\CL.write.1.tlog
C:\Users\green\Documents\Visual Studio 2012\Projects\ConsoleApplication1\ConsoleApplication1\Release\link-cvtres.read.1.tlog
C:\Users\green\Documents\Visual Studio 2012\Projects\ConsoleApplication1\ConsoleApplication1\Release\link-cvtres.write.1.tlog
C:\Users\green\Documents\Visual Studio 2012\Projects\ConsoleApplication1\ConsoleApplication1\Release\link-rc.read.1.tlog
C:\Users\green\Documents\Visual Studio 2012\Projects\ConsoleApplication1\ConsoleApplication1\Release\link-rc.write.1.tlog
C:\Users\green\Documents\Visual Studio 2012\Projects\ConsoleApplication1\ConsoleApplication1\Release\link.command.1.tlog
C:\Users\green\Documents\Visual Studio 2012\Projects\ConsoleApplication1\ConsoleApplication1\Release\link.read.1.tlog
C:\Users\green\Documents\Visual Studio 2012\Projects\ConsoleApplication1\ConsoleApplication1\Release\link.read.4.tlog
C:\Users\green\Documents\Visual Studio 2012\Projects\ConsoleApplication1\ConsoleApplication1\Release\link.write.1.tlog
C:\Users\green\Documents\Visual Studio 2012\Projects\ConsoleApplication1\ConsoleApplication1\Release\rc.command.1.tlog
C:\Users\green\Documents\Visual Studio 2012\Projects\ConsoleApplication1\ConsoleApplication1\Release\rc.read.1.tlog
C:\Users\green\Documents\Visual Studio 2012\Projects\ConsoleApplication1\ConsoleApplication1\Release\rc.write.1.tlog
C:\Users\green\Documents\Visual Studio 2012\Projects\ConsoleApplication1\ConsoleApplication1\Release\ConsoleApplication1.res
C:\Users\green\Documents\Visual Studio 2012\Projects\ConsoleApplication1\ConsoleApplication1\Release\ConsoleApplication1.pch
C:\Users\green\Documents\Visual Studio 2012\Projects\ConsoleApplication1\ConsoleApplication1\Release\vc110.pdb
C:\Users\green\Documents\Visual Studio 2012\Projects\ConsoleApplication1\Release\ConsoleApplication1.pdb
C:\Users\green\Documents\Visual Studio 2012\Projects\ConsoleApplication1\Release\ConsoleApplication1.exe
